# JRE version: OpenJDK Runtime Environment Temurin-21.0.7+6 (21.0.7+6) (build 21.0.7+6-LTS)
# Java VM: OpenJDK 64-Bit Server VM Temurin-21.0.7+6 (21.0.7+6-LTS, mixed mode, sharing, tiered, compressed oops, compressed class ptrs, parallel gc, windows-amd64)
GC Precious Log:
 CardTable entry size: 512
 CPUs: 8 total, 8 available
 Memory: 7952M
 Large Page Support: Disabled
 NUMA Support: Disabled
 Compressed Oops: Enabled (32-bit)
 Alignments: Space 512K, Generation 512K, Heap 2M
 Heap Min Capacity: 100M
 Heap Initial Capacity: 100M
 Heap Max Capacity: 2G
 Pre-touch: Disabled
 Parallel Workers: 8
Heap:
 PSYoungGen      total 2560K, used 1435K [0x00000000d5580000, 0x00000000d5980000, 0x0000000100000000)
  eden space 2048K, 45% used [0x00000000d5580000,0x00000000d566ada0,0x00000000d5780000)
  from space 512K, 96% used [0x00000000d5780000,0x00000000d57fc010,0x00000000d5800000)
  to   space 1024K, 0% used [0x00000000d5880000,0x00000000d5880000,0x00000000d5980000)
 ParOldGen       total 929280K, used 282900K [0x0000000080000000, 0x00000000b8b80000, 0x00000000d5580000)
  object space 929280K, 30% used [0x0000000080000000,0x0000000091445060,0x00000000b8b80000)
 Metaspace       used 78349K, committed 80064K, reserved 1179648K
  class space    used 7913K, committed 8704K, reserved 1048576K
GC Heap History (20 events):
Event: 550.183 GC heap before
{Heap before GC invocations=1684 (full 4):
 PSYoungGen      total 2048K, used 1856K [0x00000000d5580000, 0x00000000d5880000, 0x0000000100000000)
  eden space 1536K, 100% used [0x00000000d5580000,0x00000000d5700000,0x00000000d5700000)
  from space 512K, 62% used [0x00000000d5780000,0x00000000d57d0000,0x00000000d5800000)
  to   space 512K, 0% used [0x00000000d5800000,0x00000000d5800000,0x00000000d5880000)
 ParOldGen       total 929280K, used 280592K [0x0000000080000000, 0x00000000b8b80000, 0x00000000d5580000)
  object space 929280K, 30% used [0x0000000080000000,0x00000000912042a0,0x00000000b8b80000)
 Metaspace       used 78122K, committed 79808K, reserved 1179648K
  class space    used 7896K, committed 8704K, reserved 1048576K
}
Event: 550.186 GC heap after
{Heap after GC invocations=1684 (full 4):
 PSYoungGen      total 2048K, used 496K [0x00000000d5580000, 0x00000000d5900000, 0x0000000100000000)
  eden space 1536K, 0% used [0x00000000d5580000,0x00000000d5580000,0x00000000d5700000)
  from space 512K, 96% used [0x00000000d5800000,0x00000000d587c010,0x00000000d5880000)
  to   space 1024K, 0% used [0x00000000d5700000,0x00000000d5700000,0x00000000d5800000)
 ParOldGen       total 929280K, used 280752K [0x0000000080000000, 0x00000000b8b80000, 0x00000000d5580000)
  object space 929280K, 30% used [0x0000000080000000,0x000000009122c2a0,0x00000000b8b80000)
 Metaspace       used 78122K, committed 79808K, reserved 1179648K
  class space    used 7896K, committed 8704K, reserved 1048576K
}
Event: 550.193 GC heap before
{Heap before GC invocations=1685 (full 4):
 PSYoungGen      total 2048K, used 2031K [0x00000000d5580000, 0x00000000d5900000, 0x0000000100000000)
  eden space 1536K, 99% used [0x00000000d5580000,0x00000000d56fffe8,0x00000000d5700000)
  from space 512K, 96% used [0x00000000d5800000,0x00000000d587c010,0x00000000d5880000)
  to   space 1024K, 0% used [0x00000000d5700000,0x00000000d5700000,0x00000000d5800000)
 ParOldGen       total 929280K, used 280752K [0x0000000080000000, 0x00000000b8b80000, 0x00000000d5580000)
  object space 929280K, 30% used [0x0000000080000000,0x000000009122c2a0,0x00000000b8b80000)
 Metaspace       used 78124K, committed 79808K, reserved 1179648K
  class space    used 7896K, committed 8704K, reserved 1048576K
}
Event: 550.199 GC heap after
{Heap after GC invocations=1685 (full 4):
 PSYoungGen      total 2560K, used 308K [0x00000000d5580000, 0x00000000d5880000, 0x0000000100000000)
  eden space 1536K, 0% used [0x00000000d5580000,0x00000000d5580000,0x00000000d5700000)
  from space 1024K, 30% used [0x00000000d5700000,0x00000000d574d200,0x00000000d5800000)
  to   space 512K, 0% used [0x00000000d5800000,0x00000000d5800000,0x00000000d5880000)
 ParOldGen       total 929280K, used 281046K [0x0000000080000000, 0x00000000b8b80000, 0x00000000d5580000)
  object space 929280K, 30% used [0x0000000080000000,0x0000000091275a20,0x00000000b8b80000)
 Metaspace       used 78124K, committed 79808K, reserved 1179648K
  class space    used 7896K, committed 8704K, reserved 1048576K
}
Event: 550.210 GC heap before
{Heap before GC invocations=1686 (full 4):
 PSYoungGen      total 2560K, used 1844K [0x00000000d5580000, 0x00000000d5880000, 0x0000000100000000)
  eden space 1536K, 100% used [0x00000000d5580000,0x00000000d5700000,0x00000000d5700000)
  from space 1024K, 30% used [0x00000000d5700000,0x00000000d574d200,0x00000000d5800000)
  to   space 512K, 0% used [0x00000000d5800000,0x00000000d5800000,0x00000000d5880000)
 ParOldGen       total 929280K, used 281046K [0x0000000080000000, 0x00000000b8b80000, 0x00000000d5580000)
  object space 929280K, 30% used [0x0000000080000000,0x0000000091275a20,0x00000000b8b80000)
 Metaspace       used 78129K, committed 79808K, reserved 1179648K
  class space    used 7896K, committed 8704K, reserved 1048576K
}
Event: 550.213 GC heap after
{Heap after GC invocations=1686 (full 4):
 PSYoungGen      total 2560K, used 416K [0x00000000d5580000, 0x00000000d5880000, 0x0000000100000000)
  eden space 2048K, 0% used [0x00000000d5580000,0x00000000d5580000,0x00000000d5780000)
  from space 512K, 81% used [0x00000000d5800000,0x00000000d5868000,0x00000000d5880000)
  to   space 512K, 0% used [0x00000000d5780000,0x00000000d5780000,0x00000000d5800000)
 ParOldGen       total 929280K, used 281243K [0x0000000080000000, 0x00000000b8b80000, 0x00000000d5580000)
  object space 929280K, 30% used [0x0000000080000000,0x00000000912a6c30,0x00000000b8b80000)
 Metaspace       used 78129K, committed 79808K, reserved 1179648K
  class space    used 7896K, committed 8704K, reserved 1048576K
}
Event: 550.256 GC heap before
{Heap before GC invocations=1687 (full 4):
 PSYoungGen      total 2560K, used 2464K [0x00000000d5580000, 0x00000000d5880000, 0x0000000100000000)
  eden space 2048K, 100% used [0x00000000d5580000,0x00000000d5780000,0x00000000d5780000)
  from space 512K, 81% used [0x00000000d5800000,0x00000000d5868000,0x00000000d5880000)
  to   space 512K, 0% used [0x00000000d5780000,0x00000000d5780000,0x00000000d5800000)
 ParOldGen       total 929280K, used 281243K [0x0000000080000000, 0x00000000b8b80000, 0x00000000d5580000)
  object space 929280K, 30% used [0x0000000080000000,0x00000000912a6c30,0x00000000b8b80000)
 Metaspace       used 78144K, committed 79872K, reserved 1179648K
  class space    used 7896K, committed 8704K, reserved 1048576K
}
Event: 550.260 GC heap after
{Heap after GC invocations=1687 (full 4):
 PSYoungGen      total 2560K, used 500K [0x00000000d5580000, 0x00000000d5980000, 0x0000000100000000)
  eden space 2048K, 0% used [0x00000000d5580000,0x00000000d5580000,0x00000000d5780000)
  from space 512K, 97% used [0x00000000d5780000,0x00000000d57fd200,0x00000000d5800000)
  to   space 1024K, 0% used [0x00000000d5880000,0x00000000d5880000,0x00000000d5980000)
 ParOldGen       total 929280K, used 281571K [0x0000000080000000, 0x00000000b8b80000, 0x00000000d5580000)
  object space 929280K, 30% used [0x0000000080000000,0x00000000912f8c30,0x00000000b8b80000)
 Metaspace       used 78144K, committed 79872K, reserved 1179648K
  class space    used 7896K, committed 8704K, reserved 1048576K
}
Event: 550.313 GC heap before
{Heap before GC invocations=1688 (full 4):
 PSYoungGen      total 2560K, used 2548K [0x00000000d5580000, 0x00000000d5980000, 0x0000000100000000)
  eden space 2048K, 100% used [0x00000000d5580000,0x00000000d5780000,0x00000000d5780000)
  from space 512K, 97% used [0x00000000d5780000,0x00000000d57fd200,0x00000000d5800000)
  to   space 1024K, 0% used [0x00000000d5880000,0x00000000d5880000,0x00000000d5980000)
 ParOldGen       total 929280K, used 281571K [0x0000000080000000, 0x00000000b8b80000, 0x00000000d5580000)
  object space 929280K, 30% used [0x0000000080000000,0x00000000912f8c30,0x00000000b8b80000)
 Metaspace       used 78198K, committed 79936K, reserved 1179648K
  class space    used 7896K, committed 8704K, reserved 1048576K
}
Event: 550.318 GC heap after
{Heap after GC invocations=1688 (full 4):
 PSYoungGen      total 2560K, used 272K [0x00000000d5580000, 0x00000000d5900000, 0x0000000100000000)
  eden space 2048K, 0% used [0x00000000d5580000,0x00000000d5580000,0x00000000d5780000)
  from space 512K, 53% used [0x00000000d5880000,0x00000000d58c4010,0x00000000d5900000)
  to   space 512K, 0% used [0x00000000d5780000,0x00000000d5780000,0x00000000d5800000)
 ParOldGen       total 929280K, used 281827K [0x0000000080000000, 0x00000000b8b80000, 0x00000000d5580000)
  object space 929280K, 30% used [0x0000000080000000,0x0000000091338c30,0x00000000b8b80000)
 Metaspace       used 78198K, committed 79936K, reserved 1179648K
  class space    used 7896K, committed 8704K, reserved 1048576K
}
Event: 550.328 GC heap before
{Heap before GC invocations=1689 (full 4):
 PSYoungGen      total 2560K, used 2320K [0x00000000d5580000, 0x00000000d5900000, 0x0000000100000000)
  eden space 2048K, 100% used [0x00000000d5580000,0x00000000d5780000,0x00000000d5780000)
  from space 512K, 53% used [0x00000000d5880000,0x00000000d58c4010,0x00000000d5900000)
  to   space 512K, 0% used [0x00000000d5780000,0x00000000d5780000,0x00000000d5800000)
 ParOldGen       total 929280K, used 281827K [0x0000000080000000, 0x00000000b8b80000, 0x00000000d5580000)
  object space 929280K, 30% used [0x0000000080000000,0x0000000091338c30,0x00000000b8b80000)
 Metaspace       used 78203K, committed 79936K, reserved 1179648K
  class space    used 7896K, committed 8704K, reserved 1048576K
}
Event: 550.330 GC heap after
{Heap after GC invocations=1689 (full 4):
 PSYoungGen      total 2560K, used 458K [0x00000000d5580000, 0x00000000d5900000, 0x0000000100000000)
  eden space 2048K, 0% used [0x00000000d5580000,0x00000000d5580000,0x00000000d5780000)
  from space 512K, 89% used [0x00000000d5780000,0x00000000d57f2910,0x00000000d5800000)
  to   space 512K, 0% used [0x00000000d5880000,0x00000000d5880000,0x00000000d5900000)
 ParOldGen       total 929280K, used 281883K [0x0000000080000000, 0x00000000b8b80000, 0x00000000d5580000)
  object space 929280K, 30% used [0x0000000080000000,0x0000000091346c30,0x00000000b8b80000)
 Metaspace       used 78203K, committed 79936K, reserved 1179648K
  class space    used 7896K, committed 8704K, reserved 1048576K
}
Event: 550.821 GC heap before
{Heap before GC invocations=1690 (full 4):
 PSYoungGen      total 2560K, used 2506K [0x00000000d5580000, 0x00000000d5900000, 0x0000000100000000)
  eden space 2048K, 100% used [0x00000000d5580000,0x00000000d5780000,0x00000000d5780000)
  from space 512K, 89% used [0x00000000d5780000,0x00000000d57f2910,0x00000000d5800000)
  to   space 512K, 0% used [0x00000000d5880000,0x00000000d5880000,0x00000000d5900000)
 ParOldGen       total 929280K, used 281883K [0x0000000080000000, 0x00000000b8b80000, 0x00000000d5580000)
  object space 929280K, 30% used [0x0000000080000000,0x0000000091346c30,0x00000000b8b80000)
 Metaspace       used 78225K, committed 80000K, reserved 1179648K
  class space    used 7896K, committed 8704K, reserved 1048576K
}
Event: 550.824 GC heap after
{Heap after GC invocations=1690 (full 4):
 PSYoungGen      total 2560K, used 416K [0x00000000d5580000, 0x00000000d5900000, 0x0000000100000000)
  eden space 2048K, 0% used [0x00000000d5580000,0x00000000d5580000,0x00000000d5780000)
  from space 512K, 81% used [0x00000000d5880000,0x00000000d58e8000,0x00000000d5900000)
  to   space 512K, 0% used [0x00000000d5780000,0x00000000d5780000,0x00000000d5800000)
 ParOldGen       total 929280K, used 282295K [0x0000000080000000, 0x00000000b8b80000, 0x00000000d5580000)
  object space 929280K, 30% used [0x0000000080000000,0x00000000913ade40,0x00000000b8b80000)
 Metaspace       used 78225K, committed 80000K, reserved 1179648K
  class space    used 7896K, committed 8704K, reserved 1048576K
}
Event: 552.273 GC heap before
{Heap before GC invocations=1691 (full 4):
 PSYoungGen      total 2560K, used 2463K [0x00000000d5580000, 0x00000000d5900000, 0x0000000100000000)
  eden space 2048K, 99% used [0x00000000d5580000,0x00000000d577ff90,0x00000000d5780000)
  from space 512K, 81% used [0x00000000d5880000,0x00000000d58e8000,0x00000000d5900000)
  to   space 512K, 0% used [0x00000000d5780000,0x00000000d5780000,0x00000000d5800000)
 ParOldGen       total 929280K, used 282295K [0x0000000080000000, 0x00000000b8b80000, 0x00000000d5580000)
  object space 929280K, 30% used [0x0000000080000000,0x00000000913ade40,0x00000000b8b80000)
 Metaspace       used 78332K, committed 80064K, reserved 1179648K
  class space    used 7913K, committed 8704K, reserved 1048576K
}
Event: 552.281 GC heap after
{Heap after GC invocations=1691 (full 4):
 PSYoungGen      total 2560K, used 436K [0x00000000d5580000, 0x00000000d5900000, 0x0000000100000000)
  eden space 2048K, 0% used [0x00000000d5580000,0x00000000d5580000,0x00000000d5780000)
  from space 512K, 85% used [0x00000000d5780000,0x00000000d57ed220,0x00000000d5800000)
  to   space 512K, 0% used [0x00000000d5880000,0x00000000d5880000,0x00000000d5900000)
 ParOldGen       total 929280K, used 282623K [0x0000000080000000, 0x00000000b8b80000, 0x00000000d5580000)
  object space 929280K, 30% used [0x0000000080000000,0x00000000913ffe40,0x00000000b8b80000)
 Metaspace       used 78332K, committed 80064K, reserved 1179648K
  class space    used 7913K, committed 8704K, reserved 1048576K
}
Event: 552.296 GC heap before
{Heap before GC invocations=1692 (full 4):
 PSYoungGen      total 2560K, used 2484K [0x00000000d5580000, 0x00000000d5900000, 0x0000000100000000)
  eden space 2048K, 99% used [0x00000000d5580000,0x00000000d577ffd0,0x00000000d5780000)
  from space 512K, 85% used [0x00000000d5780000,0x00000000d57ed220,0x00000000d5800000)
  to   space 512K, 0% used [0x00000000d5880000,0x00000000d5880000,0x00000000d5900000)
 ParOldGen       total 929280K, used 282623K [0x0000000080000000, 0x00000000b8b80000, 0x00000000d5580000)
  object space 929280K, 30% used [0x0000000080000000,0x00000000913ffe40,0x00000000b8b80000)
 Metaspace       used 78332K, committed 80064K, reserved 1179648K
  class space    used 7913K, committed 8704K, reserved 1048576K
}
Event: 552.301 GC heap after
{Heap after GC invocations=1692 (full 4):
 PSYoungGen      total 2560K, used 496K [0x00000000d5580000, 0x00000000d5900000, 0x0000000100000000)
  eden space 2048K, 0% used [0x00000000d5580000,0x00000000d5580000,0x00000000d5780000)
  from space 512K, 96% used [0x00000000d5880000,0x00000000d58fc010,0x00000000d5900000)
  to   space 512K, 0% used [0x00000000d5780000,0x00000000d5780000,0x00000000d5800000)
 ParOldGen       total 929280K, used 282852K [0x0000000080000000, 0x00000000b8b80000, 0x00000000d5580000)
  object space 929280K, 30% used [0x0000000080000000,0x0000000091439060,0x00000000b8b80000)
 Metaspace       used 78332K, committed 80064K, reserved 1179648K
  class space    used 7913K, committed 8704K, reserved 1048576K
}
Event: 552.333 GC heap before
{Heap before GC invocations=1693 (full 4):
 PSYoungGen      total 2560K, used 2544K [0x00000000d5580000, 0x00000000d5900000, 0x0000000100000000)
  eden space 2048K, 100% used [0x00000000d5580000,0x00000000d5780000,0x00000000d5780000)
  from space 512K, 96% used [0x00000000d5880000,0x00000000d58fc010,0x00000000d5900000)
  to   space 512K, 0% used [0x00000000d5780000,0x00000000d5780000,0x00000000d5800000)
 ParOldGen       total 929280K, used 282852K [0x0000000080000000, 0x00000000b8b80000, 0x00000000d5580000)
  object space 929280K, 30% used [0x0000000080000000,0x0000000091439060,0x00000000b8b80000)
 Metaspace       used 78346K, committed 80064K, reserved 1179648K
  class space    used 7913K, committed 8704K, reserved 1048576K
}
Event: 552.338 GC heap after
{Heap after GC invocations=1693 (full 4):
 PSYoungGen      total 2560K, used 496K [0x00000000d5580000, 0x00000000d5980000, 0x0000000100000000)
  eden space 2048K, 0% used [0x00000000d5580000,0x00000000d5580000,0x00000000d5780000)
  from space 512K, 96% used [0x00000000d5780000,0x00000000d57fc010,0x00000000d5800000)
  to   space 1024K, 0% used [0x00000000d5880000,0x00000000d5880000,0x00000000d5980000)
 ParOldGen       total 929280K, used 282900K [0x0000000080000000, 0x00000000b8b80000, 0x00000000d5580000)
  object space 929280K, 30% used [0x0000000080000000,0x0000000091445060,0x00000000b8b80000)
 Metaspace       used 78346K, committed 80064K, reserved 1179648K
  class space    used 7913K, committed 8704K, reserved 1048576K
}

