# JRE version: OpenJDK Runtime Environment Temurin-21.0.7+6 (21.0.7+6) (build 21.0.7+6-LTS)
# Java VM: OpenJDK 64-Bit Server VM Temurin-21.0.7+6 (21.0.7+6-LTS, mixed mode, sharing, tiered, compressed oops, compressed class ptrs, parallel gc, windows-amd64)
GC Precious Log:
 CardTable entry size: 512
 CPUs: 8 total, 8 available
 Memory: 7952M
 Large Page Support: Disabled
 NUMA Support: Disabled
 Compressed Oops: Enabled (32-bit)
 Alignments: Space 512K, Generation 512K, Heap 2M
 Heap Min Capacity: 100M
 Heap Initial Capacity: 100M
 Heap Max Capacity: 2G
 Pre-touch: Disabled
 Parallel Workers: 8
Heap:
 PSYoungGen      total 2048K, used 1823K [0x00000000d5580000, 0x00000000d5880000, 0x0000000100000000)
  eden space 1536K, 99% used [0x00000000d5580000,0x00000000d56fffb0,0x00000000d5700000)
  from space 512K, 56% used [0x00000000d5800000,0x00000000d5848000,0x00000000d5880000)
  to   space 512K, 0% used [0x00000000d5780000,0x00000000d5780000,0x00000000d5800000)
 ParOldGen       total 888832K, used 887755K [0x0000000080000000, 0x00000000b6400000, 0x00000000d5580000)
  object space 888832K, 99% used [0x0000000080000000,0x00000000b62f2c58,0x00000000b6400000)
 Metaspace       used 71232K, committed 72896K, reserved 1114112K
  class space    used 7181K, committed 7936K, reserved 1048576K
GC Heap History (20 events):
Event: 112.878 GC heap before
{Heap before GC invocations=1505 (full 3):
 PSYoungGen      total 1536K, used 1239K [0x00000000d5580000, 0x00000000d5880000, 0x0000000100000000)
  eden space 1024K, 95% used [0x00000000d5580000,0x00000000d5673a40,0x00000000d5680000)
  from space 512K, 51% used [0x00000000d5780000,0x00000000d57c24d0,0x00000000d5800000)
  to   space 512K, 0% used [0x00000000d5800000,0x00000000d5800000,0x00000000d5880000)
 ParOldGen       total 864256K, used 863560K [0x0000000080000000, 0x00000000b4c00000, 0x00000000d5580000)
  object space 864256K, 99% used [0x0000000080000000,0x00000000b4b521e0,0x00000000b4c00000)
 Metaspace       used 70557K, committed 72256K, reserved 1114112K
  class space    used 7088K, committed 7872K, reserved 1048576K
}
Event: 112.883 GC heap after
{Heap after GC invocations=1505 (full 3):
 PSYoungGen      total 1536K, used 501K [0x00000000d5580000, 0x00000000d5880000, 0x0000000100000000)
  eden space 1024K, 0% used [0x00000000d5580000,0x00000000d5580000,0x00000000d5680000)
  from space 512K, 97% used [0x00000000d5800000,0x00000000d587d480,0x00000000d5880000)
  to   space 1024K, 0% used [0x00000000d5680000,0x00000000d5680000,0x00000000d5780000)
 ParOldGen       total 864256K, used 863850K [0x0000000080000000, 0x00000000b4c00000, 0x00000000d5580000)
  object space 864256K, 99% used [0x0000000080000000,0x00000000b4b9aac0,0x00000000b4c00000)
 Metaspace       used 70557K, committed 72256K, reserved 1114112K
  class space    used 7088K, committed 7872K, reserved 1048576K
}
Event: 112.895 GC heap before
{Heap before GC invocations=1506 (full 3):
 PSYoungGen      total 1536K, used 1525K [0x00000000d5580000, 0x00000000d5880000, 0x0000000100000000)
  eden space 1024K, 100% used [0x00000000d5580000,0x00000000d5680000,0x00000000d5680000)
  from space 512K, 97% used [0x00000000d5800000,0x00000000d587d480,0x00000000d5880000)
  to   space 1024K, 0% used [0x00000000d5680000,0x00000000d5680000,0x00000000d5780000)
 ParOldGen       total 864256K, used 863850K [0x0000000080000000, 0x00000000b4c00000, 0x00000000d5580000)
  object space 864256K, 99% used [0x0000000080000000,0x00000000b4b9aac0,0x00000000b4c00000)
 Metaspace       used 70557K, committed 72256K, reserved 1114112K
  class space    used 7088K, committed 7872K, reserved 1048576K
}
Event: 112.900 GC heap after
{Heap after GC invocations=1506 (full 3):
 PSYoungGen      total 2048K, used 468K [0x00000000d5580000, 0x00000000d5880000, 0x0000000100000000)
  eden space 1024K, 0% used [0x00000000d5580000,0x00000000d5580000,0x00000000d5680000)
  from space 1024K, 45% used [0x00000000d5680000,0x00000000d56f50e0,0x00000000d5780000)
  to   space 1024K, 0% used [0x00000000d5780000,0x00000000d5780000,0x00000000d5880000)
 ParOldGen       total 864768K, used 864339K [0x0000000080000000, 0x00000000b4c80000, 0x00000000d5580000)
  object space 864768K, 99% used [0x0000000080000000,0x00000000b4c14e28,0x00000000b4c80000)
 Metaspace       used 70557K, committed 72256K, reserved 1114112K
  class space    used 7088K, committed 7872K, reserved 1048576K
}
Event: 112.923 GC heap before
{Heap before GC invocations=1507 (full 3):
 PSYoungGen      total 2048K, used 1492K [0x00000000d5580000, 0x00000000d5880000, 0x0000000100000000)
  eden space 1024K, 100% used [0x00000000d5580000,0x00000000d5680000,0x00000000d5680000)
  from space 1024K, 45% used [0x00000000d5680000,0x00000000d56f50e0,0x00000000d5780000)
  to   space 1024K, 0% used [0x00000000d5780000,0x00000000d5780000,0x00000000d5880000)
 ParOldGen       total 864768K, used 864339K [0x0000000080000000, 0x00000000b4c80000, 0x00000000d5580000)
  object space 864768K, 99% used [0x0000000080000000,0x00000000b4c14e28,0x00000000b4c80000)
 Metaspace       used 70570K, committed 72256K, reserved 1114112K
  class space    used 7088K, committed 7872K, reserved 1048576K
}
Event: 112.932 GC heap after
{Heap after GC invocations=1507 (full 3):
 PSYoungGen      total 2048K, used 288K [0x00000000d5580000, 0x00000000d5800000, 0x0000000100000000)
  eden space 1536K, 0% used [0x00000000d5580000,0x00000000d5580000,0x00000000d5700000)
  from space 512K, 56% used [0x00000000d5780000,0x00000000d57c8000,0x00000000d5800000)
  to   space 512K, 0% used [0x00000000d5700000,0x00000000d5700000,0x00000000d5780000)
 ParOldGen       total 864768K, used 864657K [0x0000000080000000, 0x00000000b4c80000, 0x00000000d5580000)
  object space 864768K, 99% used [0x0000000080000000,0x00000000b4c64588,0x00000000b4c80000)
 Metaspace       used 70570K, committed 72256K, reserved 1114112K
  class space    used 7088K, committed 7872K, reserved 1048576K
}
Event: 113.012 GC heap before
{Heap before GC invocations=1508 (full 3):
 PSYoungGen      total 2048K, used 1683K [0x00000000d5580000, 0x00000000d5800000, 0x0000000100000000)
  eden space 1536K, 90% used [0x00000000d5580000,0x00000000d56dce10,0x00000000d5700000)
  from space 512K, 56% used [0x00000000d5780000,0x00000000d57c8000,0x00000000d5800000)
  to   space 512K, 0% used [0x00000000d5700000,0x00000000d5700000,0x00000000d5780000)
 ParOldGen       total 864768K, used 864657K [0x0000000080000000, 0x00000000b4c80000, 0x00000000d5580000)
  object space 864768K, 99% used [0x0000000080000000,0x00000000b4c64588,0x00000000b4c80000)
 Metaspace       used 70587K, committed 72256K, reserved 1114112K
  class space    used 7090K, committed 7872K, reserved 1048576K
}
Event: 113.016 GC heap after
{Heap after GC invocations=1508 (full 3):
 PSYoungGen      total 2048K, used 511K [0x00000000d5580000, 0x00000000d5a00000, 0x0000000100000000)
  eden space 1536K, 0% used [0x00000000d5580000,0x00000000d5580000,0x00000000d5700000)
  from space 512K, 99% used [0x00000000d5700000,0x00000000d577fd88,0x00000000d5780000)
  to   space 1536K, 0% used [0x00000000d5880000,0x00000000d5880000,0x00000000d5a00000)
 ParOldGen       total 865280K, used 865249K [0x0000000080000000, 0x00000000b4d00000, 0x00000000d5580000)
  object space 865280K, 99% used [0x0000000080000000,0x00000000b4cf8780,0x00000000b4d00000)
 Metaspace       used 70587K, committed 72256K, reserved 1114112K
  class space    used 7090K, committed 7872K, reserved 1048576K
}
Event: 113.050 GC heap before
{Heap before GC invocations=1509 (full 3):
 PSYoungGen      total 2048K, used 2047K [0x00000000d5580000, 0x00000000d5a00000, 0x0000000100000000)
  eden space 1536K, 100% used [0x00000000d5580000,0x00000000d5700000,0x00000000d5700000)
  from space 512K, 99% used [0x00000000d5700000,0x00000000d577fd88,0x00000000d5780000)
  to   space 1536K, 0% used [0x00000000d5880000,0x00000000d5880000,0x00000000d5a00000)
 ParOldGen       total 865280K, used 865249K [0x0000000080000000, 0x00000000b4d00000, 0x00000000d5580000)
  object space 865280K, 99% used [0x0000000080000000,0x00000000b4cf8780,0x00000000b4d00000)
 Metaspace       used 70602K, committed 72320K, reserved 1114112K
  class space    used 7091K, committed 7872K, reserved 1048576K
}
Event: 113.055 GC heap after
{Heap after GC invocations=1509 (full 3):
 PSYoungGen      total 2560K, used 898K [0x00000000d5580000, 0x00000000d5980000, 0x0000000100000000)
  eden space 1536K, 0% used [0x00000000d5580000,0x00000000d5580000,0x00000000d5700000)
  from space 1024K, 87% used [0x00000000d5880000,0x00000000d5960a10,0x00000000d5980000)
  to   space 1024K, 0% used [0x00000000d5780000,0x00000000d5780000,0x00000000d5880000)
 ParOldGen       total 865792K, used 865756K [0x0000000080000000, 0x00000000b4d80000, 0x00000000d5580000)
  object space 865792K, 99% used [0x0000000080000000,0x00000000b4d773d0,0x00000000b4d80000)
 Metaspace       used 70602K, committed 72320K, reserved 1114112K
  class space    used 7091K, committed 7872K, reserved 1048576K
}
Event: 113.102 GC heap before
{Heap before GC invocations=1510 (full 3):
 PSYoungGen      total 2560K, used 2434K [0x00000000d5580000, 0x00000000d5980000, 0x0000000100000000)
  eden space 1536K, 100% used [0x00000000d5580000,0x00000000d5700000,0x00000000d5700000)
  from space 1024K, 87% used [0x00000000d5880000,0x00000000d5960a10,0x00000000d5980000)
  to   space 1024K, 0% used [0x00000000d5780000,0x00000000d5780000,0x00000000d5880000)
 ParOldGen       total 865792K, used 865756K [0x0000000080000000, 0x00000000b4d80000, 0x00000000d5580000)
  object space 865792K, 99% used [0x0000000080000000,0x00000000b4d773d0,0x00000000b4d80000)
 Metaspace       used 70611K, committed 72320K, reserved 1114112K
  class space    used 7091K, committed 7872K, reserved 1048576K
}
Event: 113.107 GC heap after
{Heap after GC invocations=1510 (full 3):
 PSYoungGen      total 2560K, used 969K [0x00000000d5580000, 0x00000000d5900000, 0x0000000100000000)
  eden space 1536K, 0% used [0x00000000d5580000,0x00000000d5580000,0x00000000d5700000)
  from space 1024K, 94% used [0x00000000d5780000,0x00000000d58727e0,0x00000000d5880000)
  to   space 512K, 0% used [0x00000000d5880000,0x00000000d5880000,0x00000000d5900000)
 ParOldGen       total 866816K, used 866508K [0x0000000080000000, 0x00000000b4e80000, 0x00000000d5580000)
  object space 866816K, 99% used [0x0000000080000000,0x00000000b4e33318,0x00000000b4e80000)
 Metaspace       used 70611K, committed 72320K, reserved 1114112K
  class space    used 7091K, committed 7872K, reserved 1048576K
}
Event: 113.180 GC heap before
{Heap before GC invocations=1511 (full 3):
 PSYoungGen      total 2560K, used 2505K [0x00000000d5580000, 0x00000000d5900000, 0x0000000100000000)
  eden space 1536K, 99% used [0x00000000d5580000,0x00000000d56fffe8,0x00000000d5700000)
  from space 1024K, 94% used [0x00000000d5780000,0x00000000d58727e0,0x00000000d5880000)
  to   space 512K, 0% used [0x00000000d5880000,0x00000000d5880000,0x00000000d5900000)
 ParOldGen       total 866816K, used 866508K [0x0000000080000000, 0x00000000b4e80000, 0x00000000d5580000)
  object space 866816K, 99% used [0x0000000080000000,0x00000000b4e33318,0x00000000b4e80000)
 Metaspace       used 70616K, committed 72320K, reserved 1114112K
  class space    used 7091K, committed 7872K, reserved 1048576K
}
Event: 113.184 GC heap after
{Heap after GC invocations=1511 (full 3):
 PSYoungGen      total 2048K, used 352K [0x00000000d5580000, 0x00000000d5900000, 0x0000000100000000)
  eden space 1536K, 0% used [0x00000000d5580000,0x00000000d5580000,0x00000000d5700000)
  from space 512K, 68% used [0x00000000d5880000,0x00000000d58d8000,0x00000000d5900000)
  to   space 1024K, 0% used [0x00000000d5700000,0x00000000d5700000,0x00000000d5800000)
 ParOldGen       total 867328K, used 867309K [0x0000000080000000, 0x00000000b4f00000, 0x00000000d5580000)
  object space 867328K, 99% used [0x0000000080000000,0x00000000b4efb400,0x00000000b4f00000)
 Metaspace       used 70616K, committed 72320K, reserved 1114112K
  class space    used 7091K, committed 7872K, reserved 1048576K
}
Event: 113.206 GC heap before
{Heap before GC invocations=1512 (full 3):
 PSYoungGen      total 2048K, used 1888K [0x00000000d5580000, 0x00000000d5900000, 0x0000000100000000)
  eden space 1536K, 100% used [0x00000000d5580000,0x00000000d5700000,0x00000000d5700000)
  from space 512K, 68% used [0x00000000d5880000,0x00000000d58d8000,0x00000000d5900000)
  to   space 1024K, 0% used [0x00000000d5700000,0x00000000d5700000,0x00000000d5800000)
 ParOldGen       total 867328K, used 867309K [0x0000000080000000, 0x00000000b4f00000, 0x00000000d5580000)
  object space 867328K, 99% used [0x0000000080000000,0x00000000b4efb400,0x00000000b4f00000)
 Metaspace       used 70648K, committed 72384K, reserved 1114112K
  class space    used 7091K, committed 7872K, reserved 1048576K
}
Event: 113.213 GC heap after
{Heap after GC invocations=1512 (full 3):
 PSYoungGen      total 2560K, used 512K [0x00000000d5580000, 0x00000000d5900000, 0x0000000100000000)
  eden space 1536K, 0% used [0x00000000d5580000,0x00000000d5580000,0x00000000d5700000)
  from space 1024K, 50% used [0x00000000d5700000,0x00000000d5780000,0x00000000d5800000)
  to   space 1024K, 0% used [0x00000000d5800000,0x00000000d5800000,0x00000000d5900000)
 ParOldGen       total 867840K, used 867565K [0x0000000080000000, 0x00000000b4f80000, 0x00000000d5580000)
  object space 867840K, 99% used [0x0000000080000000,0x00000000b4f3b410,0x00000000b4f80000)
 Metaspace       used 70648K, committed 72384K, reserved 1114112K
  class space    used 7091K, committed 7872K, reserved 1048576K
}
Event: 113.247 GC heap before
{Heap before GC invocations=1513 (full 3):
 PSYoungGen      total 2560K, used 2048K [0x00000000d5580000, 0x00000000d5900000, 0x0000000100000000)
  eden space 1536K, 100% used [0x00000000d5580000,0x00000000d5700000,0x00000000d5700000)
  from space 1024K, 50% used [0x00000000d5700000,0x00000000d5780000,0x00000000d5800000)
  to   space 1024K, 0% used [0x00000000d5800000,0x00000000d5800000,0x00000000d5900000)
 ParOldGen       total 867840K, used 867565K [0x0000000080000000, 0x00000000b4f80000, 0x00000000d5580000)
  object space 867840K, 99% used [0x0000000080000000,0x00000000b4f3b410,0x00000000b4f80000)
 Metaspace       used 70686K, committed 72384K, reserved 1114112K
  class space    used 7095K, committed 7872K, reserved 1048576K
}
Event: 113.252 GC heap after
{Heap after GC invocations=1513 (full 3):
 PSYoungGen      total 2048K, used 416K [0x00000000d5580000, 0x00000000d5880000, 0x0000000100000000)
  eden space 1536K, 0% used [0x00000000d5580000,0x00000000d5580000,0x00000000d5700000)
  from space 512K, 81% used [0x00000000d5800000,0x00000000d5868000,0x00000000d5880000)
  to   space 512K, 0% used [0x00000000d5780000,0x00000000d5780000,0x00000000d5800000)
 ParOldGen       total 868352K, used 867946K [0x0000000080000000, 0x00000000b5000000, 0x00000000d5580000)
  object space 868352K, 99% used [0x0000000080000000,0x00000000b4f9ab90,0x00000000b5000000)
 Metaspace       used 70686K, committed 72384K, reserved 1114112K
  class space    used 7095K, committed 7872K, reserved 1048576K
}
Event: 113.353 GC heap before
{Heap before GC invocations=1514 (full 3):
 PSYoungGen      total 2048K, used 1951K [0x00000000d5580000, 0x00000000d5880000, 0x0000000100000000)
  eden space 1536K, 99% used [0x00000000d5580000,0x00000000d56fffb8,0x00000000d5700000)
  from space 512K, 81% used [0x00000000d5800000,0x00000000d5868000,0x00000000d5880000)
  to   space 512K, 0% used [0x00000000d5780000,0x00000000d5780000,0x00000000d5800000)
 ParOldGen       total 868352K, used 867946K [0x0000000080000000, 0x00000000b5000000, 0x00000000d5580000)
  object space 868352K, 99% used [0x0000000080000000,0x00000000b4f9ab90,0x00000000b5000000)
 Metaspace       used 70790K, committed 72448K, reserved 1114112K
  class space    used 7120K, committed 7872K, reserved 1048576K
}
Event: 113.358 GC heap after
{Heap after GC invocations=1514 (full 3):
 PSYoungGen      total 2048K, used 256K [0x00000000d5580000, 0x00000000d5880000, 0x0000000100000000)
  eden space 1536K, 0% used [0x00000000d5580000,0x00000000d5580000,0x00000000d5700000)
  from space 512K, 50% used [0x00000000d5780000,0x00000000d57c0000,0x00000000d5800000)
  to   space 512K, 0% used [0x00000000d5800000,0x00000000d5800000,0x00000000d5880000)
 ParOldGen       total 868352K, used 868248K [0x0000000080000000, 0x00000000b5000000, 0x00000000d5580000)
  object space 868352K, 99% used [0x0000000080000000,0x00000000b4fe6310,0x00000000b5000000)
 Metaspace       used 70790K, committed 72448K, reserved 1114112K
  class space    used 7120K, committed 7872K, reserved 1048576K
}

