# JRE version: OpenJDK Runtime Environment Temurin-21.0.7+6 (21.0.7+6) (build 21.0.7+6-LTS)
# Java VM: OpenJDK 64-Bit Server VM Temurin-21.0.7+6 (21.0.7+6-LTS, mixed mode, sharing, tiered, compressed oops, compressed class ptrs, parallel gc, windows-amd64)
GC Precious Log:
 CardTable entry size: 512
 CPUs: 8 total, 8 available
 Memory: 7952M
 Large Page Support: Disabled
 NUMA Support: Disabled
 Compressed Oops: Enabled (32-bit)
 Alignments: Space 512K, Generation 512K, Heap 2M
 Heap Min Capacity: 100M
 Heap Initial Capacity: 100M
 Heap Max Capacity: 2G
 Pre-touch: Disabled
 Parallel Workers: 8
Heap:
 PSYoungGen      total 7168K, used 6117K [0x00000000d5580000, 0x00000000d5d80000, 0x0000000100000000)
  eden space 6144K, 95% used [0x00000000d5580000,0x00000000d5b41480,0x00000000d5b80000)
  from space 1024K, 21% used [0x00000000d5b80000,0x00000000d5bb8000,0x00000000d5c80000)
  to   space 512K, 0% used [0x00000000d5d00000,0x00000000d5d00000,0x00000000d5d80000)
 ParOldGen       total 1030656K, used 602896K [0x0000000080000000, 0x00000000bee80000, 0x00000000d5580000)
  object space 1030656K, 58% used [0x0000000080000000,0x00000000a4cc4138,0x00000000bee80000)
 Metaspace       used 83196K, committed 84672K, reserved 1179648K
  class space    used 8328K, committed 8960K, reserved 1048576K
GC Heap History (20 events):
Event: 8091.064 GC heap before
{Heap before GC invocations=1632 (full 4):
 PSYoungGen      total 4608K, used 4608K [0x00000000d5580000, 0x00000000d5c80000, 0x0000000100000000)
  eden space 4096K, 100% used [0x00000000d5580000,0x00000000d5980000,0x00000000d5980000)
  from space 512K, 100% used [0x00000000d5a00000,0x00000000d5a80000,0x00000000d5a80000)
  to   space 1536K, 0% used [0x00000000d5b00000,0x00000000d5b00000,0x00000000d5c80000)
 ParOldGen       total 1030656K, used 598078K [0x0000000080000000, 0x00000000bee80000, 0x00000000d5580000)
  object space 1030656K, 58% used [0x0000000080000000,0x00000000a480faa0,0x00000000bee80000)
 Metaspace       used 83128K, committed 84608K, reserved 1179648K
  class space    used 8328K, committed 8960K, reserved 1048576K
}
Event: 8091.070 GC heap after
{Heap after GC invocations=1632 (full 4):
 PSYoungGen      total 5120K, used 820K [0x00000000d5580000, 0x00000000d5c00000, 0x0000000100000000)
  eden space 4096K, 0% used [0x00000000d5580000,0x00000000d5580000,0x00000000d5980000)
  from space 1024K, 80% used [0x00000000d5b00000,0x00000000d5bcd200,0x00000000d5c00000)
  to   space 1024K, 0% used [0x00000000d5a00000,0x00000000d5a00000,0x00000000d5b00000)
 ParOldGen       total 1030656K, used 598642K [0x0000000080000000, 0x00000000bee80000, 0x00000000d5580000)
  object space 1030656K, 58% used [0x0000000080000000,0x00000000a489cab0,0x00000000bee80000)
 Metaspace       used 83128K, committed 84608K, reserved 1179648K
  class space    used 8328K, committed 8960K, reserved 1048576K
}
Event: 8094.940 GC heap before
{Heap before GC invocations=1633 (full 4):
 PSYoungGen      total 5120K, used 4916K [0x00000000d5580000, 0x00000000d5c00000, 0x0000000100000000)
  eden space 4096K, 100% used [0x00000000d5580000,0x00000000d5980000,0x00000000d5980000)
  from space 1024K, 80% used [0x00000000d5b00000,0x00000000d5bcd200,0x00000000d5c00000)
  to   space 1024K, 0% used [0x00000000d5a00000,0x00000000d5a00000,0x00000000d5b00000)
 ParOldGen       total 1030656K, used 598642K [0x0000000080000000, 0x00000000bee80000, 0x00000000d5580000)
  object space 1030656K, 58% used [0x0000000080000000,0x00000000a489cab0,0x00000000bee80000)
 Metaspace       used 83134K, committed 84608K, reserved 1179648K
  class space    used 8328K, committed 8960K, reserved 1048576K
}
Event: 8094.946 GC heap after
{Heap after GC invocations=1633 (full 4):
 PSYoungGen      total 5120K, used 128K [0x00000000d5580000, 0x00000000d5b80000, 0x0000000100000000)
  eden space 4096K, 0% used [0x00000000d5580000,0x00000000d5580000,0x00000000d5980000)
  from space 1024K, 12% used [0x00000000d5a00000,0x00000000d5a20000,0x00000000d5b00000)
  to   space 512K, 0% used [0x00000000d5b00000,0x00000000d5b00000,0x00000000d5b80000)
 ParOldGen       total 1030656K, used 598947K [0x0000000080000000, 0x00000000bee80000, 0x00000000d5580000)
  object space 1030656K, 58% used [0x0000000080000000,0x00000000a48e8d40,0x00000000bee80000)
 Metaspace       used 83134K, committed 84608K, reserved 1179648K
  class space    used 8328K, committed 8960K, reserved 1048576K
}
Event: 8094.966 GC heap before
{Heap before GC invocations=1634 (full 4):
 PSYoungGen      total 5120K, used 4224K [0x00000000d5580000, 0x00000000d5b80000, 0x0000000100000000)
  eden space 4096K, 100% used [0x00000000d5580000,0x00000000d5980000,0x00000000d5980000)
  from space 1024K, 12% used [0x00000000d5a00000,0x00000000d5a20000,0x00000000d5b00000)
  to   space 512K, 0% used [0x00000000d5b00000,0x00000000d5b00000,0x00000000d5b80000)
 ParOldGen       total 1030656K, used 598947K [0x0000000080000000, 0x00000000bee80000, 0x00000000d5580000)
  object space 1030656K, 58% used [0x0000000080000000,0x00000000a48e8d40,0x00000000bee80000)
 Metaspace       used 83135K, committed 84608K, reserved 1179648K
  class space    used 8328K, committed 8960K, reserved 1048576K
}
Event: 8094.969 GC heap after
{Heap after GC invocations=1634 (full 4):
 PSYoungGen      total 4608K, used 500K [0x00000000d5580000, 0x00000000d5b80000, 0x0000000100000000)
  eden space 4096K, 0% used [0x00000000d5580000,0x00000000d5580000,0x00000000d5980000)
  from space 512K, 97% used [0x00000000d5b00000,0x00000000d5b7d200,0x00000000d5b80000)
  to   space 1024K, 0% used [0x00000000d5980000,0x00000000d5980000,0x00000000d5a80000)
 ParOldGen       total 1030656K, used 599101K [0x0000000080000000, 0x00000000bee80000, 0x00000000d5580000)
  object space 1030656K, 58% used [0x0000000080000000,0x00000000a490f650,0x00000000bee80000)
 Metaspace       used 83135K, committed 84608K, reserved 1179648K
  class space    used 8328K, committed 8960K, reserved 1048576K
}
Event: 8094.987 GC heap before
{Heap before GC invocations=1635 (full 4):
 PSYoungGen      total 4608K, used 4596K [0x00000000d5580000, 0x00000000d5b80000, 0x0000000100000000)
  eden space 4096K, 100% used [0x00000000d5580000,0x00000000d5980000,0x00000000d5980000)
  from space 512K, 97% used [0x00000000d5b00000,0x00000000d5b7d200,0x00000000d5b80000)
  to   space 1024K, 0% used [0x00000000d5980000,0x00000000d5980000,0x00000000d5a80000)
 ParOldGen       total 1030656K, used 599101K [0x0000000080000000, 0x00000000bee80000, 0x00000000d5580000)
  object space 1030656K, 58% used [0x0000000080000000,0x00000000a490f650,0x00000000bee80000)
 Metaspace       used 83139K, committed 84608K, reserved 1179648K
  class space    used 8328K, committed 8960K, reserved 1048576K
}
Event: 8094.997 GC heap after
{Heap after GC invocations=1635 (full 4):
 PSYoungGen      total 5120K, used 1024K [0x00000000d5580000, 0x00000000d5d80000, 0x0000000100000000)
  eden space 4096K, 0% used [0x00000000d5580000,0x00000000d5580000,0x00000000d5980000)
  from space 1024K, 100% used [0x00000000d5980000,0x00000000d5a80000,0x00000000d5a80000)
  to   space 2048K, 0% used [0x00000000d5b80000,0x00000000d5b80000,0x00000000d5d80000)
 ParOldGen       total 1030656K, used 599637K [0x0000000080000000, 0x00000000bee80000, 0x00000000d5580000)
  object space 1030656K, 58% used [0x0000000080000000,0x00000000a49957a8,0x00000000bee80000)
 Metaspace       used 83139K, committed 84608K, reserved 1179648K
  class space    used 8328K, committed 8960K, reserved 1048576K
}
Event: 8095.043 GC heap before
{Heap before GC invocations=1636 (full 4):
 PSYoungGen      total 5120K, used 5120K [0x00000000d5580000, 0x00000000d5d80000, 0x0000000100000000)
  eden space 4096K, 100% used [0x00000000d5580000,0x00000000d5980000,0x00000000d5980000)
  from space 1024K, 100% used [0x00000000d5980000,0x00000000d5a80000,0x00000000d5a80000)
  to   space 2048K, 0% used [0x00000000d5b80000,0x00000000d5b80000,0x00000000d5d80000)
 ParOldGen       total 1030656K, used 599637K [0x0000000080000000, 0x00000000bee80000, 0x00000000d5580000)
  object space 1030656K, 58% used [0x0000000080000000,0x00000000a49957a8,0x00000000bee80000)
 Metaspace       used 83141K, committed 84608K, reserved 1179648K
  class space    used 8328K, committed 8960K, reserved 1048576K
}
Event: 8095.054 GC heap after
{Heap after GC invocations=1636 (full 4):
 PSYoungGen      total 5120K, used 896K [0x00000000d5580000, 0x00000000d5c80000, 0x0000000100000000)
  eden space 4096K, 0% used [0x00000000d5580000,0x00000000d5580000,0x00000000d5980000)
  from space 1024K, 87% used [0x00000000d5b80000,0x00000000d5c60000,0x00000000d5c80000)
  to   space 1536K, 0% used [0x00000000d5980000,0x00000000d5980000,0x00000000d5b00000)
 ParOldGen       total 1030656K, used 600587K [0x0000000080000000, 0x00000000bee80000, 0x00000000d5580000)
  object space 1030656K, 58% used [0x0000000080000000,0x00000000a4a82fa0,0x00000000bee80000)
 Metaspace       used 83141K, committed 84608K, reserved 1179648K
  class space    used 8328K, committed 8960K, reserved 1048576K
}
Event: 8095.070 GC heap before
{Heap before GC invocations=1637 (full 4):
 PSYoungGen      total 5120K, used 4992K [0x00000000d5580000, 0x00000000d5c80000, 0x0000000100000000)
  eden space 4096K, 100% used [0x00000000d5580000,0x00000000d5980000,0x00000000d5980000)
  from space 1024K, 87% used [0x00000000d5b80000,0x00000000d5c60000,0x00000000d5c80000)
  to   space 1536K, 0% used [0x00000000d5980000,0x00000000d5980000,0x00000000d5b00000)
 ParOldGen       total 1030656K, used 600587K [0x0000000080000000, 0x00000000bee80000, 0x00000000d5580000)
  object space 1030656K, 58% used [0x0000000080000000,0x00000000a4a82fa0,0x00000000bee80000)
 Metaspace       used 83144K, committed 84608K, reserved 1179648K
  class space    used 8328K, committed 8960K, reserved 1048576K
}
Event: 8095.079 GC heap after
{Heap after GC invocations=1637 (full 4):
 PSYoungGen      total 5632K, used 650K [0x00000000d5580000, 0x00000000d5c80000, 0x0000000100000000)
  eden space 4096K, 0% used [0x00000000d5580000,0x00000000d5580000,0x00000000d5980000)
  from space 1536K, 42% used [0x00000000d5980000,0x00000000d5a22910,0x00000000d5b00000)
  to   space 1024K, 0% used [0x00000000d5b80000,0x00000000d5b80000,0x00000000d5c80000)
 ParOldGen       total 1030656K, used 601460K [0x0000000080000000, 0x00000000bee80000, 0x00000000d5580000)
  object space 1030656K, 58% used [0x0000000080000000,0x00000000a4b5d230,0x00000000bee80000)
 Metaspace       used 83144K, committed 84608K, reserved 1179648K
  class space    used 8328K, committed 8960K, reserved 1048576K
}
Event: 8095.097 GC heap before
{Heap before GC invocations=1638 (full 4):
 PSYoungGen      total 5632K, used 4746K [0x00000000d5580000, 0x00000000d5c80000, 0x0000000100000000)
  eden space 4096K, 100% used [0x00000000d5580000,0x00000000d5980000,0x00000000d5980000)
  from space 1536K, 42% used [0x00000000d5980000,0x00000000d5a22910,0x00000000d5b00000)
  to   space 1024K, 0% used [0x00000000d5b80000,0x00000000d5b80000,0x00000000d5c80000)
 ParOldGen       total 1030656K, used 601460K [0x0000000080000000, 0x00000000bee80000, 0x00000000d5580000)
  object space 1030656K, 58% used [0x0000000080000000,0x00000000a4b5d230,0x00000000bee80000)
 Metaspace       used 83145K, committed 84608K, reserved 1179648K
  class space    used 8328K, committed 8960K, reserved 1048576K
}
Event: 8095.105 GC heap after
{Heap after GC invocations=1638 (full 4):
 PSYoungGen      total 6144K, used 608K [0x00000000d5580000, 0x00000000d5c80000, 0x0000000100000000)
  eden space 5120K, 0% used [0x00000000d5580000,0x00000000d5580000,0x00000000d5a80000)
  from space 1024K, 59% used [0x00000000d5b80000,0x00000000d5c18000,0x00000000d5c80000)
  to   space 1024K, 0% used [0x00000000d5a80000,0x00000000d5a80000,0x00000000d5b80000)
 ParOldGen       total 1030656K, used 601948K [0x0000000080000000, 0x00000000bee80000, 0x00000000d5580000)
  object space 1030656K, 58% used [0x0000000080000000,0x00000000a4bd7108,0x00000000bee80000)
 Metaspace       used 83145K, committed 84608K, reserved 1179648K
  class space    used 8328K, committed 8960K, reserved 1048576K
}
Event: 8095.126 GC heap before
{Heap before GC invocations=1639 (full 4):
 PSYoungGen      total 6144K, used 5728K [0x00000000d5580000, 0x00000000d5c80000, 0x0000000100000000)
  eden space 5120K, 100% used [0x00000000d5580000,0x00000000d5a80000,0x00000000d5a80000)
  from space 1024K, 59% used [0x00000000d5b80000,0x00000000d5c18000,0x00000000d5c80000)
  to   space 1024K, 0% used [0x00000000d5a80000,0x00000000d5a80000,0x00000000d5b80000)
 ParOldGen       total 1030656K, used 601948K [0x0000000080000000, 0x00000000bee80000, 0x00000000d5580000)
  object space 1030656K, 58% used [0x0000000080000000,0x00000000a4bd7108,0x00000000bee80000)
 Metaspace       used 83159K, committed 84608K, reserved 1179648K
  class space    used 8328K, committed 8960K, reserved 1048576K
}
Event: 8095.131 GC heap after
{Heap after GC invocations=1639 (full 4):
 PSYoungGen      total 6144K, used 1012K [0x00000000d5580000, 0x00000000d5e80000, 0x0000000100000000)
  eden space 5120K, 0% used [0x00000000d5580000,0x00000000d5580000,0x00000000d5a80000)
  from space 1024K, 98% used [0x00000000d5a80000,0x00000000d5b7d200,0x00000000d5b80000)
  to   space 1536K, 0% used [0x00000000d5d00000,0x00000000d5d00000,0x00000000d5e80000)
 ParOldGen       total 1030656K, used 602332K [0x0000000080000000, 0x00000000bee80000, 0x00000000d5580000)
  object space 1030656K, 58% used [0x0000000080000000,0x00000000a4c37128,0x00000000bee80000)
 Metaspace       used 83159K, committed 84608K, reserved 1179648K
  class space    used 8328K, committed 8960K, reserved 1048576K
}
Event: 8095.174 GC heap before
{Heap before GC invocations=1640 (full 4):
 PSYoungGen      total 6144K, used 6132K [0x00000000d5580000, 0x00000000d5e80000, 0x0000000100000000)
  eden space 5120K, 100% used [0x00000000d5580000,0x00000000d5a80000,0x00000000d5a80000)
  from space 1024K, 98% used [0x00000000d5a80000,0x00000000d5b7d200,0x00000000d5b80000)
  to   space 1536K, 0% used [0x00000000d5d00000,0x00000000d5d00000,0x00000000d5e80000)
 ParOldGen       total 1030656K, used 602332K [0x0000000080000000, 0x00000000bee80000, 0x00000000d5580000)
  object space 1030656K, 58% used [0x0000000080000000,0x00000000a4c37128,0x00000000bee80000)
 Metaspace       used 83168K, committed 84608K, reserved 1179648K
  class space    used 8328K, committed 8960K, reserved 1048576K
}
Event: 8095.184 GC heap after
{Heap after GC invocations=1640 (full 4):
 PSYoungGen      total 6656K, used 308K [0x00000000d5580000, 0x00000000d5d80000, 0x0000000100000000)
  eden space 6144K, 0% used [0x00000000d5580000,0x00000000d5580000,0x00000000d5b80000)
  from space 512K, 60% used [0x00000000d5d00000,0x00000000d5d4d200,0x00000000d5d80000)
  to   space 1024K, 0% used [0x00000000d5b80000,0x00000000d5b80000,0x00000000d5c80000)
 ParOldGen       total 1030656K, used 602816K [0x0000000080000000, 0x00000000bee80000, 0x00000000d5580000)
  object space 1030656K, 58% used [0x0000000080000000,0x00000000a4cb0138,0x00000000bee80000)
 Metaspace       used 83168K, committed 84608K, reserved 1179648K
  class space    used 8328K, committed 8960K, reserved 1048576K
}
Event: 8095.237 GC heap before
{Heap before GC invocations=1641 (full 4):
 PSYoungGen      total 6656K, used 6437K [0x00000000d5580000, 0x00000000d5d80000, 0x0000000100000000)
  eden space 6144K, 99% used [0x00000000d5580000,0x00000000d5b7c498,0x00000000d5b80000)
  from space 512K, 60% used [0x00000000d5d00000,0x00000000d5d4d200,0x00000000d5d80000)
  to   space 1024K, 0% used [0x00000000d5b80000,0x00000000d5b80000,0x00000000d5c80000)
 ParOldGen       total 1030656K, used 602816K [0x0000000080000000, 0x00000000bee80000, 0x00000000d5580000)
  object space 1030656K, 58% used [0x0000000080000000,0x00000000a4cb0138,0x00000000bee80000)
 Metaspace       used 83195K, committed 84608K, reserved 1179648K
  class space    used 8328K, committed 8960K, reserved 1048576K
}
Event: 8095.241 GC heap after
{Heap after GC invocations=1641 (full 4):
 PSYoungGen      total 7168K, used 224K [0x00000000d5580000, 0x00000000d5d80000, 0x0000000100000000)
  eden space 6144K, 0% used [0x00000000d5580000,0x00000000d5580000,0x00000000d5b80000)
  from space 1024K, 21% used [0x00000000d5b80000,0x00000000d5bb8000,0x00000000d5c80000)
  to   space 512K, 0% used [0x00000000d5d00000,0x00000000d5d00000,0x00000000d5d80000)
 ParOldGen       total 1030656K, used 602896K [0x0000000080000000, 0x00000000bee80000, 0x00000000d5580000)
  object space 1030656K, 58% used [0x0000000080000000,0x00000000a4cc4138,0x00000000bee80000)
 Metaspace       used 83195K, committed 84608K, reserved 1179648K
  class space    used 8328K, committed 8960K, reserved 1048576K
}

